<?xml version="1.0" encoding="UTF-8"?>
<!-- Generated by org.testng.reporters.JUnitReportReporter -->
<testsuite hostname="Asiwajus-MacBook-Air.local" failures="0" tests="11" name="AndroidTest" time="37.189" errors="0" timestamp="2022-11-23T16:00:37 WAT" skipped="0">
  <testcase classname="AndroidTest" name="headerVerify" time="3.119"/>
  <system-out/>
  <testcase classname="AndroidTest" name="addTask" time="2.462"/>
  <system-out/>
  <testcase classname="AndroidTest" name="createTitle" time="21.623"/>
  <system-out/>
  <testcase classname="AndroidTest" name="textBoxVerify" time="0.880"/>
  <system-out/>
  <testcase classname="AndroidTest" name="textBoxClick" time="0.472"/>
  <system-out/>
  <testcase classname="AndroidTest" name="noteIconVerify" time="2.241"/>
  <system-out/>
  <testcase classname="AndroidTest" name="backBtnClick" time="0.391"/>
  <system-out/>
  <testcase classname="AndroidTest" name="hamBurgerVerify" time="1.467"/>
  <system-out/>
  <testcase classname="AndroidTest" name="hamBurgerClick" time="0.189"/>
  <system-out/>
  <testcase classname="AndroidTest" name="menuIconVerify" time="0.972"/>
  <system-out/>
  <testcase classname="AndroidTest" name="closeDriver" time="3.373"/>
  <system-out/>
</testsuite> <!-- AndroidTest -->
